-------------------------------------------------------------------------------
Test set: testRunners.AmazonTest
-------------------------------------------------------------------------------
Tests run: 2, Failures: 0, Errors: 1, Skipped: 0, Time elapsed: 2.386 s <<< FAILURE! - in testRunners.AmazonTest
Booking Cab(Uber Booking Feature)  Time elapsed: 0.224 s  <<< ERROR!
io.cucumber.junit.UndefinedStepException: 
The step 'User wants to select a car type "sedan" from uber app' and 4 other step(s) are undefined.
You can implement these steps using the snippet(s) below:

@Given("User wants to select a car type {string} from uber app")
public void user_wants_to_select_a_car_type_from_uber_app(String string) {
    // Write code here that turns the phrase above into concrete actions
    throw new io.cucumber.java.PendingException();
}
@When("User selects car {string} and pick up point {string} and drop location {string}")
public void user_selects_car_and_pick_up_point_and_drop_location(String string, String string2, String string3) {
    // Write code here that turns the phrase above into concrete actions
    throw new io.cucumber.java.PendingException();
}
@Then("Driver starts the journey")
public void driver_starts_the_journey() {
    // Write code here that turns the phrase above into concrete actions
    throw new io.cucumber.java.PendingException();
}
@Then("Driver ends the journey")
public void driver_ends_the_journey() {
    // Write code here that turns the phrase above into concrete actions
    throw new io.cucumber.java.PendingException();
}
@Then("User pays {int} USD")
public void user_pays_usd(Integer int1) {
    // Write code here that turns the phrase above into concrete actions
    throw new io.cucumber.java.PendingException();
}


