<?xml version="1.0" encoding="UTF-8"?>
<testsuite xmlns:xsi="http://www.w3.org/2001/XMLSchema-instance" xsi:noNamespaceSchemaLocation="https://maven.apache.org/surefire/maven-surefire-plugin/xsd/surefire-test-report.xsd" name="testRunners.AmazonTest" time="2.386" tests="2" errors="1" skipped="0" failures="0">
  <properties>
[...]
</properties>
  <testcase name="Search a Product" classname="Amazon Search" time="0.73"/>
  <testcase name="Booking Cab" classname="Uber Booking Feature" time="0.224">
    <error message="The step &apos;User wants to select a car type &quot;sedan&quot; from uber app&apos; and 4 other step(s) are undefined.&#10;You can implement these steps using the snippet(s) below:&#10;&#10;@Given(&quot;User wants to select a car type {string} from uber app&quot;)&#10;public void user_wants_to_select_a_car_type_from_uber_app(String string) {&#10;    // Write code here that turns the phrase above into concrete actions&#10;    throw new io.cucumber.java.PendingException();&#10;}&#10;@When(&quot;User selects car {string} and pick up point {string} and drop location {string}&quot;)&#10;public void user_selects_car_and_pick_up_point_and_drop_location(String string, String string2, String string3) {&#10;    // Write code here that turns the phrase above into concrete actions&#10;    throw new io.cucumber.java.PendingException();&#10;}&#10;@Then(&quot;Driver starts the journey&quot;)&#10;public void driver_starts_the_journey() {&#10;    // Write code here that turns the phrase above into concrete actions&#10;    throw new io.cucumber.java.PendingException();&#10;}&#10;@Then(&quot;Driver ends the journey&quot;)&#10;public void driver_ends_the_journey() {&#10;    // Write code here that turns the phrase above into concrete actions&#10;    throw new io.cucumber.java.PendingException();&#10;}&#10;@Then(&quot;User pays {int} USD&quot;)&#10;public void user_pays_usd(Integer int1) {&#10;    // Write code here that turns the phrase above into concrete actions&#10;    throw new io.cucumber.java.PendingException();&#10;}&#10;" type="io.cucumber.junit.UndefinedStepException">io.cucumber.junit.UndefinedStepException: 
The step 'User wants to select a car type "sedan" from uber app' and 4 other step(s) are undefined.
You can implement these steps using the snippet(s) below:

@Given("User wants to select a car type {string} from uber app")
public void user_wants_to_select_a_car_type_from_uber_app(String string) {
    // Write code here that turns the phrase above into concrete actions
    throw new io.cucumber.java.PendingException();
}
@When("User selects car {string} and pick up point {string} and drop location {string}")
public void user_selects_car_and_pick_up_point_and_drop_location(String string, String string2, String string3) {
    // Write code here that turns the phrase above into concrete actions
    throw new io.cucumber.java.PendingException();
}
@Then("Driver starts the journey")
public void driver_starts_the_journey() {
    // Write code here that turns the phrase above into concrete actions
    throw new io.cucumber.java.PendingException();
}
@Then("Driver ends the journey")
public void driver_ends_the_journey() {
    // Write code here that turns the phrase above into concrete actions
    throw new io.cucumber.java.PendingException();
}
@Then("User pays {int} USD")
public void user_pays_usd(Integer int1) {
    // Write code here that turns the phrase above into concrete actions
    throw new io.cucumber.java.PendingException();
}

</error>
    <system-out><![CDATA[
Scenario: Booking Cab                                                                  # src/test/resources/AppFeatures/Uber.feature:3
  Given User wants to select a car type "sedan" from uber app                          # null
  When User selects car "sedan" and pick up point "Bangalore" and drop location "Pune" # null
  Then Driver starts the journey                                                       # null
  And Driver ends the journey                                                          # null
  Then User pays 1000 USD                                                              # null
]]></system-out>
  </testcase>
</testsuite>